<?xml version="1.0" encoding="UTF-8"?>
<!-- Generated by org.testng.reporters.JUnitReportReporter -->
<testsuite hostname="LAPTOP-F0NR54FB" failures="0" tests="3" name="testNG.NewTest" time="0.018" errors="0" timestamp="22 Jun 2022 22:58:25 GMT" skipped="0">
  <testcase classname="testNG.NewTest" name="B" time="0.005"/>
  <testcase classname="testNG.NewTest" name="D" time="0.004"/>
  <testcase classname="testNG.NewTest" name="C" time="0.009"/>
</testsuite> <!-- testNG.NewTest -->
