<?xml version="1.0" encoding="UTF-8"?>
<!-- Generated by org.testng.reporters.JUnitReportReporter -->
<testsuite hostname="LAPTOP-F0NR54FB" failures="0" tests="1" name="testNG.SalesForce" time="30.311" errors="0" timestamp="23 Jun 2022 16:07:13 GMT" skipped="0">
  <testcase classname="testNG.SalesForce" name="login" time="30.311"/>
</testsuite> <!-- testNG.SalesForce -->
