<?xml version="1.0" encoding="UTF-8"?>
<!-- Generated by org.testng.reporters.JUnitReportReporter -->
<testsuite hostname="LAPTOP-F0NR54FB" failures="0" tests="1" name="com.TestNGSalesForce.TestMethods" time="20.889" errors="0" timestamp="27 Jun 2022 22:48:43 GMT" skipped="0">
  <testcase classname="com.TestNGSalesForce.TestMethods" name="verifyRememberMe" time="20.889"/>
</testsuite> <!-- com.TestNGSalesForce.TestMethods -->
