<?xml version="1.0" encoding="UTF-8"?>
<!-- Generated by org.testng.reporters.JUnitReportReporter -->
<testsuite skipped="0" hostname="LAPTOP-F0NR54FB" name="com.training.tests.ReportLog" tests="1" failures="0" timestamp="27 Jul 2022 13:12:10 GMT" time="5.671" errors="0">
  <testcase name="OpenBrowser" time="5.671" classname="com.training.tests.ReportLog"/>
</testsuite> <!-- com.training.tests.ReportLog -->
