<?xml version="1.0" encoding="UTF-8"?>
<!-- Generated by org.testng.reporters.JUnitReportReporter -->
<testsuite hostname="LAPTOP-F0NR54FB" failures="0" tests="1" name="com.training.tests.LoginTest" time="11.832" errors="0" timestamp="25 Jul 2022 18:44:03 GMT" skipped="0">
  <testcase classname="com.training.tests.LoginTest" name="verifyLogin" time="11.832"/>
</testsuite> <!-- com.training.tests.LoginTest -->
