<?xml version="1.0" encoding="UTF-8"?>
<!-- Generated by org.testng.reporters.JUnitReportReporter -->
<testsuite hostname="LAPTOP-F0NR54FB" failures="0" tests="3" name="com.training.tests.CrossBrowserTesting" time="96.208" errors="0" timestamp="25 Jul 2022 19:23:59 GMT" skipped="0">
  <testcase classname="com.training.tests.CrossBrowserTesting" name="testParameterWithXML" time="20.439"/>
  <testcase classname="com.training.tests.CrossBrowserTesting" name="testParameterWithXML" time="39.433"/>
  <testcase classname="com.training.tests.CrossBrowserTesting" name="testParameterWithXML" time="36.336"/>
</testsuite> <!-- com.training.tests.CrossBrowserTesting -->
