<?xml version="1.0" encoding="UTF-8"?>
<!-- Generated by org.testng.reporters.JUnitReportReporter -->
<testsuite hostname="LAPTOP-F0NR54FB" failures="0" tests="1" name="SaleForceTestCalss.CallingMethod" time="12.009" errors="0" timestamp="27 Jun 2022 20:03:31 GMT" skipped="0">
  <testcase classname="SaleForceTestCalss.CallingMethod" name="VerifyloginPass" time="12.009"/>
</testsuite> <!-- SaleForceTestCalss.CallingMethod -->
