<?xml version="1.0" encoding="UTF-8"?>
<!-- Generated by org.testng.reporters.JUnitReportReporter -->
<testsuite skipped="0" hostname="LAPTOP-F0NR54FB" name="com.training.tests.Data_Provider" tests="2" failures="0" timestamp="26 Jul 2022 21:10:07 GMT" time="0.026" errors="0">
  <testcase name="myTest" time="0.023" classname="com.training.tests.Data_Provider"/>
  <testcase name="myTest" time="0.003" classname="com.training.tests.Data_Provider"/>
</testsuite> <!-- com.training.tests.Data_Provider -->
